<!--
  #%L
  JBossOSGi Repository
  %%
  Copyright (C) 2010 - 2012 JBoss by Red Hat
  %%
  Licensed under the Apache License, Version 2.0 (the "License");
  you may not use this file except in compliance with the License.
  You may obtain a copy of the License at
  
       http://www.apache.org/licenses/LICENSE-2.0
  
  Unless required by applicable law or agreed to in writing, software
  distributed under the License is distributed on an "AS IS" BASIS,
  WITHOUT WARRANTIES OR CONDITIONS OF ANY KIND, either express or implied.
  See the License for the specific language governing permissions and
  limitations under the License.
  #L%
  -->
<repository name='OSGi Repository' increment='1' xmlns='http://www.osgi.org/xmlns/repository/v1.0.0'>
    <resource>
        <capability namespace='osgi.identity'>
            <attribute name='osgi.identity' value='org.jboss.test.cases.repository.tb1' />
            <attribute name='version' type='Version' value='1.0.0.test' />
            <attribute name='type' value='osgi.bundle' />
        </capability>
        <capability namespace='osgi.content'>
            <attribute name='osgi.content' value='@@tb1SHA256@@' />
            <attribute name='url' value='@@tb1URL@@' />
            <attribute name='size' type='Long' value='@@tb1Size@@' />
            <attribute name='mime' value='application/vnd.osgi.bundle' />
        </capability>
        <capability namespace='osgi.wiring.bundle'>
            <attribute name='osgi.wiring.bundle' value='org.jboss.test.cases.repository.tb1' />
            <attribute name='bundle-version' type='Version' value='1.0.0.test' />
        </capability>
        <capability namespace='osgi.wiring.package'>
            <attribute name='osgi.wiring.package' value='org.jboss.test.cases.repository.tb1.pkg1' />
            <attribute name='version' type='Version' value='0.9' />
            <attribute name='bundle-version' type='Version' value='1.0.0.test' />
            <attribute name='bundle-symbolic-name' value='org.jboss.test.cases.repository.tb1' />
            <attribute name='approved' value='no' />
        </capability>
        <capability namespace='osgi.wiring.package'>
            <attribute name='osgi.wiring.package' value='org.jboss.test.cases.repository.tb1.pkg2' />
            <attribute name='version' type='Version' value='0.8' />
            <attribute name='bundle-version' type='Version' value='1.0.0.test' />
            <attribute name='bundle-symbolic-name' value='org.jboss.test.cases.repository.tb1' />
            <attribute name='approved' value='no' />
        </capability>
        <capability namespace='osgi.test.namespace'/>
        <capability namespace='osgi.test.namespace'>
            <attribute name='osgi.test.namespace' value='a testing namespace'/>
            <attribute name='testString' value='' />
            <attribute name='testString2' value=',' />
            <attribute name='testString3' value='a,b' />
            <attribute name='testVersion' value='1.2.3.qualifier' type='Version'/>
            <attribute name='testLong' value='9223372036854775807' type='Long'>
                <!-- value is Long.MAX_VALUE -->
            </attribute>
            <attribute name='testDouble' value='3.141592653589793' type='Double'/>
            
            <attribute name='testStringList' value=' a , b and c,d    ' type='List&lt;String&gt;'/>
            <attribute name='testStringList2' value='\,,\\\,\\' type='List&lt;String&gt;'/>
            <attribute name='testStringList3' value='\,' type='List&lt;String&gt;'/>
            <attribute name='testVersionList' value='1.2.3,4.5.6' type='List&lt;Version&gt;'/>
            <attribute name='testLongList' value='  -9223372036854775808 , 0, 9223372036854775807 ' type='List&lt;Long&gt;'/>
            <attribute name='testDoubleList' value='2.718281828459045,2.718281828459045' type='List&lt;Double&gt;'/>
        </capability>
        <capability namespace='osgi.foo.bar'>
            <attribute name='myattr' value='myval'/>
        </capability>
    </resource>
    <resource>
        <capability namespace='osgi.identity'>
            <attribute name='osgi.identity' value='org.jboss.test.cases.repository.tb2' />
            <attribute name='version' type='Version' value='1.0' />
            <attribute name='type' value='osgi.bundle' />
            <attribute name='license' value='http://www.opensource.org/licenses/Apache-2.0' />
        </capability>
        <capability namespace='osgi.content'>
            <attribute name='osgi.content' value='@@tb2SHA256@@' />
            <attribute name='url' value='@@tb2URL@@' />
            <attribute name='size' type='Long' value='@@tb2Size@@' />
            <attribute name='mime' value='application/vnd.osgi.bundle' />
        </capability>
        <capability namespace='osgi.wiring.bundle'>
            <attribute name='osgi.wiring.bundle' value='org.jboss.test.cases.repository.tb2' />
            <attribute name='bundle-version' type='Version' value='1.0' />
        </capability>
        <capability namespace='osgi.wiring.package'>
            <attribute name='osgi.wiring.package' value='org.jboss.test.cases.repository.tb2' />
            <attribute name='version' type='Version' value='1.2.3.qualified' />
            <attribute name='bundle-version' type='Version' value='1.0' />
            <attribute name='bundle-symbolic-name' value='org.jboss.test.cases.repository.tb2' />
            <attribute name='approved' value='yes' />
            <directive name='uses' value='org.jboss.test.cases.repository.tb1.pkg1' />
        </capability>
        <capability namespace='osgi.foo.bar'>
            <attribute name='myattr' value='myotherval'/>
        </capability>
        <requirement namespace='osgi.wiring.package'>
            <directive name='custom' value='custom directive'/>
            <directive name='filter' value='(&amp;(osgi.wiring.package=org.jboss.test.cases.repository.tb1.pkg1)(version&gt;=1.1)(!(version&gt;=2)))' />
            <attribute name='custom' type='Long' value='42'/>
        </requirement>
    </resource>
    <resource>
        <capability namespace='osgi.identity'>
            <attribute name='osgi.identity' value='org.jboss.test.cases.repository.testresource' />
            <attribute name='version' type='Version' value='0.0' />
            <attribute name='type' value='someresource' />
        </capability>
        <capability namespace='osgi.content'>
            <attribute name='osgi.content' value='@@trzipSHA256@@' />
            <attribute name='url' value='@@trzipURL@@' />
            <attribute name='size' type='Long' value='@@trzipSize@@' />
            <attribute name='mime' value='application/vnd.osgi.test.zip' />
        </capability>
        <capability namespace='osgi.content'>
            <attribute name='osgi.content' value='@@trtgzSHA256@@' />
            <attribute name='url' value='@@trtgzURL@@' />
            <attribute name='size' type='Long' value='@@trtgzSize@@' />
            <attribute name='mime' value='application/vnd.osgi.test.tar.gz' />
        </capability>
    </resource>
</repository>

