<repository name='OSGi Repository' increment='1' xmlns='http://www.osgi.org/xmlns/repository/v1.0.0'>
    <resource>
        <capability namespace='osgi.identity'>
            <attribute name='osgi.identity' value='org.osgi.test.cases.repository.tb1' />
            <attribute name='version' type='Version' value='1.0.0.test' />
            <attribute name='type' value='osgi.bundle' />
        </capability>
        <capability namespace='osgi.content'>
            <attribute name='osgi.content' value='@@tb1SHA256@@' />
            <attribute name='url' value='@@tb1URL@@' />
            <attribute name='size' type='Long' value='@@tb1Size@@' />
            <attribute name='mime' value='application/vnd.osgi.bundle' />
        </capability>
        <capability namespace='osgi.wiring.bundle'>
            <attribute name='osgi.wiring.bundle' value='org.osgi.test.cases.repository.tb1' />
            <attribute name='bundle-version' type='Version' value='1.0.0.test' />
        </capability>
        <capability namespace='osgi.wiring.package'>
            <attribute name='osgi.wiring.package' value='org.osgi.test.cases.repository.tb1.pkg1' />
            <attribute name='version' type='Version' value='0.9' />
            <attribute name='bundle-version' type='Version' value='1.0.0.test' />
            <attribute name='bundle-symbolic-name' value='org.osgi.test.cases.repository.tb1' />
            <attribute name='approved' value='no' />
        </capability>
        <capability namespace='osgi.wiring.package'>
            <attribute name='osgi.wiring.package' value='org.osgi.test.cases.repository.tb1.pkg2' />
            <attribute name='version' type='Version' value='0.8' />
            <attribute name='bundle-version' type='Version' value='1.0.0.test' />
            <attribute name='bundle-symbolic-name' value='org.osgi.test.cases.repository.tb1' />
            <attribute name='approved' value='no' />
        </capability>
    </resource>
</repository>

